12:46:03.408 [main] INFO  testCases.TC_001_AccountRegistration - **** Starting TC_001_AccountRegistration **** 
12:46:03.465 [main] INFO  testCases.TC_001_AccountRegistration - clicked on my account
12:46:03.664 [main] INFO  testCases.TC_001_AccountRegistration - clicked on Register
12:46:03.666 [main] INFO  testCases.TC_001_AccountRegistration - Entering customer details
12:46:07.032 [main] INFO  testCases.TC_001_AccountRegistration - 
12:46:07.402 [main] INFO  testCases.TC_001_AccountRegistration - Validating expected msg
12:46:07.404 [main] INFO  testCases.TC_001_AccountRegistration - Finsihed this logging test
12:50:48.109 [main] INFO  testCases.TC_001_AccountRegistration - **** Starting TC_001_AccountRegistration **** 
12:50:48.218 [main] INFO  testCases.TC_001_AccountRegistration - clicked on my account
12:50:48.654 [main] INFO  testCases.TC_001_AccountRegistration - clicked on Register
12:50:48.656 [main] INFO  testCases.TC_001_AccountRegistration - Entering customer details
12:50:53.658 [main] ERROR testCases.TC_001_AccountRegistration - test failed
15:39:39.363 [main] INFO  testCases.TC_001_AccountRegistration - **** Starting TC_001_AccountRegistration **** 
15:39:39.489 [main] INFO  testCases.TC_001_AccountRegistration - clicked on my account
15:39:39.801 [main] INFO  testCases.TC_001_AccountRegistration - clicked on Register
15:39:39.803 [main] INFO  testCases.TC_001_AccountRegistration - Entering customer details
15:39:43.439 [main] INFO  testCases.TC_001_AccountRegistration - 
15:39:43.861 [main] INFO  testCases.TC_001_AccountRegistration - Validating expected msg
15:39:43.861 [main] INFO  testCases.TC_001_AccountRegistration - Finsihed this logging test
22:17:51.398 [main] INFO  testCases.TC_002_Login - **** Starting TC_001_AccountRegistration **** 
22:17:51.530 [main] INFO  testCases.TC_002_Login - clicked on my account
13:45:39.213 [main] INFO  testCases.TC_002_Login - **** Starting TC_002Login **** 
13:45:39.924 [main] INFO  testCases.TC_002_Login - clicked on my account
13:45:40.862 [main] INFO  testCases.TC_002_Login - clicked on Login
13:45:40.868 [main] INFO  testCases.TC_002_Login - Entering UserInfo now
14:34:05.582 [main] INFO  testCases.TC_002_Login - **** Starting TC_002Login **** 
14:34:05.692 [main] INFO  testCases.TC_002_Login - clicked on my account
14:34:06.208 [main] INFO  testCases.TC_002_Login - clicked on Login
14:34:06.210 [main] INFO  testCases.TC_002_Login - Entering UserInfo now
14:35:01.684 [main] INFO  testCases.TC_002_Login - **** Starting TC_002Login **** 
14:35:01.780 [main] INFO  testCases.TC_002_Login - clicked on my account
14:35:02.266 [main] INFO  testCases.TC_002_Login - clicked on Login
14:35:02.268 [main] INFO  testCases.TC_002_Login - Entering UserInfo now
14:35:07.841 [main] INFO  testCases.TC_002_Login - Test Completed
14:36:31.745 [main] INFO  testCases.TC_002_Login - **** Starting TC_002Login **** 
14:36:31.847 [main] INFO  testCases.TC_002_Login - clicked on my account
14:36:32.219 [main] INFO  testCases.TC_002_Login - clicked on Login
14:36:32.221 [main] INFO  testCases.TC_002_Login - Entering UserInfo now
14:36:37.611 [main] INFO  testCases.TC_002_Login - Test Completed
20:21:38.215 [main] INFO  testCases.TC_002_Login - **** Starting TC_002Login **** 
20:21:38.306 [main] INFO  testCases.TC_002_Login - clicked on my account
20:21:38.828 [main] INFO  testCases.TC_002_Login - clicked on Login
20:21:38.829 [main] INFO  testCases.TC_002_Login - Entering UserInfo now
20:21:44.230 [main] INFO  testCases.TC_002_Login - Test Completed
19:17:50.388 [main] INFO  testCases.TC_002_Login - **** Starting TC_002Login **** 
19:17:50.492 [main] INFO  testCases.TC_002_Login - clicked on my account
19:17:50.968 [main] INFO  testCases.TC_002_Login - clicked on Login
19:17:50.969 [main] INFO  testCases.TC_002_Login - Entering UserInfo now
19:17:56.279 [main] INFO  testCases.TC_002_Login - Test Completed
19:28:02.872 [main] INFO  testCases.TC_002_Login - **** Starting TC_002Login **** 
19:28:02.976 [main] INFO  testCases.TC_002_Login - clicked on my account
19:28:03.502 [main] INFO  testCases.TC_002_Login - clicked on Login
19:28:03.504 [main] INFO  testCases.TC_002_Login - Entering UserInfo now
19:28:08.884 [main] INFO  testCases.TC_002_Login - Test Completed
18:30:52.331 [main] INFO  testCases.TC_002_Login - **** Starting TC_002Login **** 
18:30:52.414 [main] INFO  testCases.TC_002_Login - clicked on my account
18:30:52.866 [main] INFO  testCases.TC_002_Login - clicked on Login
18:30:52.868 [main] INFO  testCases.TC_002_Login - Entering UserInfo now
18:30:58.311 [main] INFO  testCases.TC_002_Login - Test Completed
18:42:32.237 [main] INFO  testCases.TC_002_Login - **** Starting TC_002Login **** 
18:43:03.996 [main] INFO  testCases.TC_002_Login - **** Starting TC_002Login **** 
18:43:04.110 [main] INFO  testCases.TC_002_Login - clicked on my account
18:43:04.638 [main] INFO  testCases.TC_002_Login - clicked on Login
18:43:04.638 [main] INFO  testCases.TC_002_Login - Entering UserInfo now
18:43:10.084 [main] INFO  testCases.TC_002_Login - Test Completed
18:46:09.047 [main] INFO  testCases.TC_002_Login - **** Starting TC_002Login **** 
18:46:09.141 [main] INFO  testCases.TC_002_Login - clicked on my account
18:46:09.621 [main] INFO  testCases.TC_002_Login - clicked on Login
18:46:09.629 [main] INFO  testCases.TC_002_Login - Entering UserInfo now
18:46:14.998 [main] INFO  testCases.TC_002_Login - Test Completed
11:34:52.433 [main] INFO  testCases.TC_002_Login - **** Starting TC_002Login **** 
11:36:39.499 [main] INFO  testCases.TC_002_Login - **** Starting TC_002Login **** 
11:36:39.648 [main] INFO  testCases.TC_002_Login - clicked on my account
11:36:39.986 [main] INFO  testCases.TC_002_Login - clicked on Login
11:36:39.986 [main] INFO  testCases.TC_002_Login - Entering UserInfo now
11:36:55.518 [main] INFO  testCases.TC_002_Login - Test Completed
11:38:09.104 [main] INFO  testCases.TC_002_Login - **** Starting TC_002Login **** 
11:38:09.191 [main] INFO  testCases.TC_002_Login - clicked on my account
11:38:09.553 [main] INFO  testCases.TC_002_Login - clicked on Login
11:38:09.555 [main] INFO  testCases.TC_002_Login - Entering UserInfo now
11:38:25.002 [main] INFO  testCases.TC_002_Login - Test Completed
11:39:21.666 [main] INFO  testCases.TC_002_Login - **** Starting TC_002Login **** 
11:39:21.774 [main] INFO  testCases.TC_002_Login - clicked on my account
11:39:22.281 [main] INFO  testCases.TC_002_Login - clicked on Login
11:39:22.283 [main] INFO  testCases.TC_002_Login - Entering UserInfo now
11:41:15.072 [main] INFO  testCases.TC_002_Login - **** Starting TC_002Login **** 
11:41:15.187 [main] INFO  testCases.TC_002_Login - clicked on my account
11:41:15.732 [main] INFO  testCases.TC_002_Login - clicked on Login
11:41:15.733 [main] INFO  testCases.TC_002_Login - Entering UserInfo now
12:07:51.312 [main] INFO  testCases.TC_002_Login - **** Starting TC_002Login **** 
12:07:51.438 [main] INFO  testCases.TC_002_Login - clicked on my account
12:07:51.938 [main] INFO  testCases.TC_002_Login - clicked on Login
12:07:51.943 [main] INFO  testCases.TC_002_Login - Entering UserInfo now
12:08:25.673 [main] INFO  testCases.TC_002_Login - **** Starting TC_002Login **** 
12:08:25.829 [main] INFO  testCases.TC_002_Login - clicked on my account
12:08:26.202 [main] INFO  testCases.TC_002_Login - clicked on Login
12:08:26.203 [main] INFO  testCases.TC_002_Login - Entering UserInfo now
12:09:09.064 [main] INFO  testCases.TC_002_Login - **** Starting TC_002Login **** 
12:09:09.158 [main] INFO  testCases.TC_002_Login - clicked on my account
12:09:09.558 [main] INFO  testCases.TC_002_Login - clicked on Login
12:09:09.559 [main] INFO  testCases.TC_002_Login - Entering UserInfo now
12:09:14.894 [main] INFO  testCases.TC_002_Login - Test Completed
12:09:39.877 [main] INFO  testCases.TC_002_Login - **** Starting TC_002Login **** 
12:09:39.976 [main] INFO  testCases.TC_002_Login - clicked on my account
12:09:40.405 [main] INFO  testCases.TC_002_Login - clicked on Login
12:09:40.405 [main] INFO  testCases.TC_002_Login - Entering UserInfo now
12:09:55.728 [main] INFO  testCases.TC_002_Login - Test Completed
12:13:36.445 [main] INFO  testCases.TC_002_Login - **** Starting TC_002Login **** 
12:13:36.532 [main] INFO  testCases.TC_002_Login - clicked on my account
12:13:36.920 [main] INFO  testCases.TC_002_Login - clicked on Login
12:13:36.921 [main] INFO  testCases.TC_002_Login - Entering UserInfo now
12:14:09.881 [main] INFO  testCases.TC_002_Login - **** Starting TC_002Login **** 
12:14:09.986 [main] INFO  testCases.TC_002_Login - clicked on my account
12:14:10.344 [main] INFO  testCases.TC_002_Login - clicked on Login
12:14:10.345 [main] INFO  testCases.TC_002_Login - Entering UserInfo now
12:29:52.945 [main] INFO  testCases.TC_002_Login - **** Starting TC_002Login **** 
12:29:53.055 [main] INFO  testCases.TC_002_Login - clicked on my account
12:29:53.126 [main] INFO  testCases.TC_002_Login - clicked on Login
12:29:53.128 [main] INFO  testCases.TC_002_Login - Entering UserInfo now
12:31:30.488 [main] INFO  testCases.TC_002_Login - **** Starting TC_002Login **** 
12:31:30.593 [main] INFO  testCases.TC_002_Login - clicked on my account
12:31:30.926 [main] INFO  testCases.TC_002_Login - clicked on Login
12:31:30.927 [main] INFO  testCases.TC_002_Login - Entering UserInfo now
12:31:36.277 [main] INFO  testCases.TC_002_Login - Test Completed
12:32:04.939 [main] INFO  testCases.TC_002_Login - **** Starting TC_002Login **** 
12:32:05.047 [main] INFO  testCases.TC_002_Login - clicked on my account
12:32:05.538 [main] INFO  testCases.TC_002_Login - clicked on Login
12:32:05.539 [main] INFO  testCases.TC_002_Login - Entering UserInfo now
12:32:37.892 [main] INFO  testCases.TC_002_Login - **** Starting TC_002Login **** 
12:32:37.999 [main] INFO  testCases.TC_002_Login - clicked on my account
12:32:38.435 [main] INFO  testCases.TC_002_Login - clicked on Login
12:32:38.437 [main] INFO  testCases.TC_002_Login - Entering UserInfo now
12:32:43.824 [main] INFO  testCases.TC_002_Login - Test Completed
12:33:01.948 [main] INFO  testCases.TC_002_Login - **** Starting TC_002Login **** 
12:33:02.054 [main] INFO  testCases.TC_002_Login - clicked on my account
12:33:02.353 [main] INFO  testCases.TC_002_Login - clicked on Login
12:33:02.353 [main] INFO  testCases.TC_002_Login - Entering UserInfo now
12:33:07.695 [main] INFO  testCases.TC_002_Login - Test Completed
12:33:28.998 [main] INFO  testCases.TC_002_Login - **** Starting TC_002Login **** 
12:33:29.129 [main] INFO  testCases.TC_002_Login - clicked on my account
12:33:29.444 [main] INFO  testCases.TC_002_Login - clicked on Login
12:33:29.444 [main] INFO  testCases.TC_002_Login - Entering UserInfo now
12:55:18.569 [main] INFO  testCases.TC_001_AccountRegistration - **** Starting TC_001_AccountRegistration **** 
12:55:18.635 [main] INFO  testCases.TC_001_AccountRegistration - clicked on my account
12:55:18.983 [main] INFO  testCases.TC_001_AccountRegistration - clicked on Register
12:55:18.985 [main] INFO  testCases.TC_001_AccountRegistration - Entering customer details
12:55:23.439 [main] ERROR testCases.TC_001_AccountRegistration - test failed
12:55:25.432 [main] INFO  testCases.TC_002_Login - **** Starting TC_002Login **** 
12:55:25.530 [main] INFO  testCases.TC_002_Login - clicked on my account
12:55:25.992 [main] INFO  testCases.TC_002_Login - clicked on Login
12:55:25.997 [main] INFO  testCases.TC_002_Login - Entering UserInfo now
12:55:31.483 [main] INFO  testCases.TC_002_Login - Test Completed
12:56:10.537 [main] INFO  testCases.TC_001_AccountRegistration - **** Starting TC_001_AccountRegistration **** 
12:56:10.619 [main] INFO  testCases.TC_001_AccountRegistration - clicked on my account
12:56:10.675 [main] INFO  testCases.TC_001_AccountRegistration - clicked on Register
12:56:10.676 [main] INFO  testCases.TC_001_AccountRegistration - Entering customer details
12:56:20.721 [main] ERROR testCases.TC_001_AccountRegistration - test failed
18:52:32.014 [main] INFO  testCases.TC_001_AccountRegistration - **** Starting TC_001_AccountRegistration **** 
18:52:32.118 [main] INFO  testCases.TC_001_AccountRegistration - clicked on my account
18:52:32.556 [main] INFO  testCases.TC_001_AccountRegistration - clicked on Register
18:52:32.558 [main] INFO  testCases.TC_001_AccountRegistration - Entering customer details
18:52:36.016 [main] INFO  testCases.TC_001_AccountRegistration - 
18:52:36.971 [main] INFO  testCases.TC_001_AccountRegistration - Validating expected msg
18:52:36.971 [main] INFO  testCases.TC_001_AccountRegistration - Finsihed this logging test
18:53:34.646 [main] INFO  testCases.TC_001_AccountRegistration - **** Starting TC_001_AccountRegistration **** 
18:53:34.758 [main] INFO  testCases.TC_001_AccountRegistration - clicked on my account
18:53:35.170 [main] INFO  testCases.TC_001_AccountRegistration - clicked on Register
18:53:35.175 [main] INFO  testCases.TC_001_AccountRegistration - Entering customer details
18:53:38.782 [main] INFO  testCases.TC_001_AccountRegistration - 
18:53:39.680 [main] INFO  testCases.TC_001_AccountRegistration - Validating expected msg
18:53:39.689 [main] INFO  testCases.TC_001_AccountRegistration - Finsihed this logging test
18:53:42.590 [main] INFO  testCases.TC_002_Login - **** Starting TC_002Login **** 
18:53:42.689 [main] INFO  testCases.TC_002_Login - clicked on my account
18:53:43.177 [main] INFO  testCases.TC_002_Login - clicked on Login
18:53:43.177 [main] INFO  testCases.TC_002_Login - Entering UserInfo now
18:53:48.624 [main] INFO  testCases.TC_002_Login - Test Completed
14:20:06.596 [main] INFO  testCases.TC_001_AccountRegistration - **** Starting TC_001_AccountRegistration **** 
14:20:06.710 [main] INFO  testCases.TC_001_AccountRegistration - clicked on my account
14:20:07.415 [main] INFO  testCases.TC_001_AccountRegistration - clicked on Register
14:20:07.417 [main] INFO  testCases.TC_001_AccountRegistration - Entering customer details
14:20:10.904 [main] INFO  testCases.TC_001_AccountRegistration - 
14:20:11.880 [main] INFO  testCases.TC_001_AccountRegistration - Validating expected msg
14:20:11.880 [main] INFO  testCases.TC_001_AccountRegistration - Finsihed this logging test
14:20:14.753 [main] INFO  testCases.TC_002_Login - **** Starting TC_002Login **** 
14:20:14.856 [main] INFO  testCases.TC_002_Login - clicked on my account
14:20:15.444 [main] INFO  testCases.TC_002_Login - clicked on Login
14:20:15.444 [main] INFO  testCases.TC_002_Login - Entering UserInfo now
14:20:20.825 [main] INFO  testCases.TC_002_Login - Test Completed
20:03:48.501 [main] INFO  testCases.TC_001_AccountRegistration - **** Starting TC_001_AccountRegistration **** 
20:03:48.601 [main] INFO  testCases.TC_001_AccountRegistration - clicked on my account
20:03:48.993 [main] INFO  testCases.TC_001_AccountRegistration - clicked on Register
20:03:48.997 [main] INFO  testCases.TC_001_AccountRegistration - Entering customer details
20:03:52.750 [main] INFO  testCases.TC_001_AccountRegistration - 
20:03:53.729 [main] INFO  testCases.TC_001_AccountRegistration - Validating expected msg
20:03:53.734 [main] INFO  testCases.TC_001_AccountRegistration - Finsihed this logging test
20:03:56.585 [main] INFO  testCases.TC_002_Login - **** Starting TC_002Login **** 
20:03:56.665 [main] INFO  testCases.TC_002_Login - clicked on my account
20:03:57.192 [main] INFO  testCases.TC_002_Login - clicked on Login
20:03:57.195 [main] INFO  testCases.TC_002_Login - Entering UserInfo now
20:04:02.598 [main] INFO  testCases.TC_002_Login - Test Completed
